<?xml version="1.0" encoding="UTF-8" ?>
<testsuite errors="0" failures="0" hostname="JPK-PC" name="edu.umb.cs.cs680.polygon.TriangleTest" skipped="0" tests="4" time="0.056" timestamp="2016-12-03T02:27:30">
  <properties>
[...]
</properties>
  <testcase classname="edu.umb.cs.cs680.polygon.TriangleTest" name="testTriangle" time="0.002" />
  <testcase classname="edu.umb.cs.cs680.polygon.TriangleTest" name="testGetArea" time="0.004" />
  <testcase classname="edu.umb.cs.cs680.polygon.TriangleTest" name="testGetCentroid" time="0.0" />
  <testcase classname="edu.umb.cs.cs680.polygon.TriangleTest" name="testGetPoints" time="0.0" />
  <system-out><![CDATA[getCentroid in Triangle not (yet) implemented.
]]></system-out>
  <system-err><![CDATA[]]></system-err>
</testsuite>
